[0m20:51:05.567588 [debug] [MainThread]: Sending event: {'category': 'dbt', 'action': 'invocation', 'label': 'start', 'context': [<snowplow_tracker.self_describing_json.SelfDescribingJson object at 0x1028748f0>, <snowplow_tracker.self_describing_json.SelfDescribingJson object at 0x105468980>, <snowplow_tracker.self_describing_json.SelfDescribingJson object at 0x1054686b0>]}


============================== 20:51:05.571015 | 4477097d-c1f7-4a01-b77e-2a605850db84 ==============================
[0m20:51:05.571015 [info ] [MainThread]: Running with dbt=1.9.4
[0m20:51:05.571350 [debug] [MainThread]: running dbt with arguments {'printer_width': '80', 'indirect_selection': 'eager', 'write_json': 'True', 'log_cache_events': 'False', 'partial_parse': 'True', 'cache_selected_only': 'False', 'profiles_dir': '/Users/admin/.dbt', 'version_check': 'True', 'fail_fast': 'False', 'log_path': 'logs', 'warn_error': 'None', 'debug': 'False', 'use_colors': 'True', 'use_experimental_parser': 'False', 'empty': 'None', 'quiet': 'False', 'no_print': 'None', 'log_format': 'default', 'static_parser': 'True', 'introspect': 'True', 'invocation_command': 'dbt init', 'target_path': 'None', 'warn_error_options': 'WarnErrorOptions(include=[], exclude=[])', 'send_anonymous_usage_stats': 'True'}
[0m20:51:43.215091 [debug] [MainThread]: Starter project path: /Users/admin/Desktop/pets/python-dbt/.venv/lib/python3.12/site-packages/dbt/include/starter_project
[0m20:51:43.222181 [info ] [MainThread]: 
Your new dbt project "dbt_analytics" was created!

For more information on how to configure the profiles.yml file,
please consult the dbt documentation here:

  https://docs.getdbt.com/docs/configure-your-profile

One more thing:

Need help? Don't hesitate to reach out to us via GitHub issues or on Slack:

  https://community.getdbt.com/

Happy modeling!

[0m20:51:43.222564 [info ] [MainThread]: Setting up your profile.
[0m20:52:56.968223 [info ] [MainThread]: Profile dbt_analytics written to /Users/admin/.dbt/profiles.yml using target's profile_template.yml and your supplied values. Run 'dbt debug' to validate the connection.
[0m20:52:57.040018 [debug] [MainThread]: Resource report: {"command_name": "init", "command_success": true, "command_wall_clock_time": 111.51565, "process_in_blocks": "0", "process_kernel_time": 0.182311, "process_mem_max_rss": "102039552", "process_out_blocks": "0", "process_user_time": 0.747129}
[0m20:52:57.040642 [debug] [MainThread]: Command `dbt init` succeeded at 20:52:57.040495 after 111.52 seconds
[0m20:52:57.041173 [debug] [MainThread]: Sending event: {'category': 'dbt', 'action': 'invocation', 'label': 'end', 'context': [<snowplow_tracker.self_describing_json.SelfDescribingJson object at 0x1028748f0>, <snowplow_tracker.self_describing_json.SelfDescribingJson object at 0x10510a630>, <snowplow_tracker.self_describing_json.SelfDescribingJson object at 0x1054e6b40>]}
[0m20:52:57.041620 [debug] [MainThread]: Flushing usage events
[0m20:52:57.589402 [debug] [MainThread]: An error was encountered while trying to flush usage events
[0m20:55:08.541244 [debug] [MainThread]: Sending event: {'category': 'dbt', 'action': 'invocation', 'label': 'start', 'context': [<snowplow_tracker.self_describing_json.SelfDescribingJson object at 0x10865f800>, <snowplow_tracker.self_describing_json.SelfDescribingJson object at 0x108aa4980>, <snowplow_tracker.self_describing_json.SelfDescribingJson object at 0x108aa46b0>]}


============================== 20:55:08.544966 | 138bcd00-1509-45ee-8128-c87030ce62ba ==============================
[0m20:55:08.544966 [info ] [MainThread]: Running with dbt=1.9.4
[0m20:55:08.545392 [debug] [MainThread]: running dbt with arguments {'printer_width': '80', 'indirect_selection': 'eager', 'write_json': 'True', 'log_cache_events': 'False', 'partial_parse': 'True', 'cache_selected_only': 'False', 'profiles_dir': '/Users/admin/.dbt', 'fail_fast': 'False', 'version_check': 'True', 'log_path': 'logs', 'warn_error': 'None', 'debug': 'False', 'use_colors': 'True', 'use_experimental_parser': 'False', 'empty': 'None', 'quiet': 'False', 'no_print': 'None', 'warn_error_options': 'WarnErrorOptions(include=[], exclude=[])', 'invocation_command': 'dbt debug', 'log_format': 'default', 'introspect': 'True', 'target_path': 'None', 'static_parser': 'True', 'send_anonymous_usage_stats': 'True'}
[0m20:55:08.556126 [info ] [MainThread]: dbt version: 1.9.4
[0m20:55:08.556349 [info ] [MainThread]: python version: 3.12.8
[0m20:55:08.556482 [info ] [MainThread]: python path: /Users/admin/Desktop/pets/python-dbt/.venv/bin/python
[0m20:55:08.556605 [info ] [MainThread]: os info: macOS-15.3.2-arm64-arm-64bit
[0m20:55:08.600629 [info ] [MainThread]: Using profiles dir at /Users/admin/.dbt
[0m20:55:08.600980 [info ] [MainThread]: Using profiles.yml file at /Users/admin/.dbt/profiles.yml
[0m20:55:08.601120 [info ] [MainThread]: Using dbt_project.yml file at /Users/admin/Desktop/pets/python-dbt/dbt_project.yml
[0m20:55:08.601538 [info ] [MainThread]: adapter type: postgres
[0m20:55:08.601675 [info ] [MainThread]: adapter version: 1.9.0
[0m20:55:08.601814 [info ] [MainThread]: Configuration:
[0m20:55:08.601925 [info ] [MainThread]:   profiles.yml file [[32mOK found and valid[0m]
[0m20:55:08.602037 [info ] [MainThread]:   dbt_project.yml file [[31mERROR not found[0m]
[0m20:55:08.602145 [info ] [MainThread]: Required dependencies:
[0m20:55:08.602311 [debug] [MainThread]: Executing "git --help"
[0m20:55:08.623755 [debug] [MainThread]: STDOUT: "b"usage: git [-v | --version] [-h | --help] [-C <path>] [-c <name>=<value>]\n           [--exec-path[=<path>]] [--html-path] [--man-path] [--info-path]\n           [-p | --paginate | -P | --no-pager] [--no-replace-objects] [--bare]\n           [--git-dir=<path>] [--work-tree=<path>] [--namespace=<name>]\n           [--super-prefix=<path>] [--config-env=<name>=<envvar>]\n           <command> [<args>]\n\nThese are common Git commands used in various situations:\n\nstart a working area (see also: git help tutorial)\n   clone     Clone a repository into a new directory\n   init      Create an empty Git repository or reinitialize an existing one\n\nwork on the current change (see also: git help everyday)\n   add       Add file contents to the index\n   mv        Move or rename a file, a directory, or a symlink\n   restore   Restore working tree files\n   rm        Remove files from the working tree and from the index\n\nexamine the history and state (see also: git help revisions)\n   bisect    Use binary search to find the commit that introduced a bug\n   diff      Show changes between commits, commit and working tree, etc\n   grep      Print lines matching a pattern\n   log       Show commit logs\n   show      Show various types of objects\n   status    Show the working tree status\n\ngrow, mark and tweak your common history\n   branch    List, create, or delete branches\n   commit    Record changes to the repository\n   merge     Join two or more development histories together\n   rebase    Reapply commits on top of another base tip\n   reset     Reset current HEAD to the specified state\n   switch    Switch branches\n   tag       Create, list, delete or verify a tag object signed with GPG\n\ncollaborate (see also: git help workflows)\n   fetch     Download objects and refs from another repository\n   pull      Fetch from and integrate with another repository or a local branch\n   push      Update remote refs along with associated objects\n\n'git help -a' and 'git help -g' list available subcommands and some\nconcept guides. See 'git help <command>' or 'git help <concept>'\nto read about a specific subcommand or concept.\nSee 'git help git' for an overview of the system.\n""
[0m20:55:08.624447 [debug] [MainThread]: STDERR: "b''"
[0m20:55:08.624627 [info ] [MainThread]:  - git [[32mOK found[0m]

[0m20:55:08.624787 [info ] [MainThread]: Connection:
[0m20:55:08.624942 [info ] [MainThread]:   host: q7jnh9pwl1.te71nf51s2.tsdb.cloud.timescale.com
[0m20:55:08.625072 [info ] [MainThread]:   port: 35495
[0m20:55:08.625179 [info ] [MainThread]:   user: tsdbadmin
[0m20:55:08.625286 [info ] [MainThread]:   database: tsdb
[0m20:55:08.625407 [info ] [MainThread]:   schema: dbt_analytics
[0m20:55:08.625518 [info ] [MainThread]:   connect_timeout: 10
[0m20:55:08.625628 [info ] [MainThread]:   role: None
[0m20:55:08.625732 [info ] [MainThread]:   search_path: None
[0m20:55:08.625839 [info ] [MainThread]:   keepalives_idle: 0
[0m20:55:08.625941 [info ] [MainThread]:   sslmode: None
[0m20:55:08.626042 [info ] [MainThread]:   sslcert: None
[0m20:55:08.626148 [info ] [MainThread]:   sslkey: None
[0m20:55:08.626248 [info ] [MainThread]:   sslrootcert: None
[0m20:55:08.626351 [info ] [MainThread]:   application_name: dbt
[0m20:55:08.626453 [info ] [MainThread]:   retries: 1
[0m20:55:08.626847 [info ] [MainThread]: Registered adapter: postgres=1.9.0
[0m20:55:08.688916 [debug] [MainThread]: Acquiring new postgres connection 'debug'
[0m20:55:08.716160 [debug] [MainThread]: Using postgres connection "debug"
[0m20:55:08.716448 [debug] [MainThread]: On debug: select 1 as id
[0m20:55:08.716595 [debug] [MainThread]: Opening a new connection, currently in state init
[0m20:55:09.205283 [debug] [MainThread]: SQL status: SELECT 1 in 0.488 seconds
[0m20:55:09.209002 [debug] [MainThread]: On debug: Close
[0m20:55:09.210177 [info ] [MainThread]:   Connection test: [[32mOK connection ok[0m]

[0m20:55:09.210820 [info ] [MainThread]: [31m1 check failed:[0m
[0m20:55:09.211258 [info ] [MainThread]: Project loading failed for the following reason:
 project path </Users/admin/Desktop/pets/python-dbt/dbt_project.yml> not found

[0m20:55:09.216088 [debug] [MainThread]: Resource report: {"command_name": "debug", "command_success": false, "command_wall_clock_time": 0.71858156, "process_in_blocks": "0", "process_kernel_time": 0.214469, "process_mem_max_rss": "118292480", "process_out_blocks": "0", "process_user_time": 0.821722}
[0m20:55:09.216965 [debug] [MainThread]: Command `dbt debug` failed at 20:55:09.216784 after 0.72 seconds
[0m20:55:09.217489 [debug] [MainThread]: Connection 'debug' was properly closed.
[0m20:55:09.217951 [debug] [MainThread]: Sending event: {'category': 'dbt', 'action': 'invocation', 'label': 'end', 'context': [<snowplow_tracker.self_describing_json.SelfDescribingJson object at 0x106be3920>, <snowplow_tracker.self_describing_json.SelfDescribingJson object at 0x108fcfa70>, <snowplow_tracker.self_describing_json.SelfDescribingJson object at 0x108aa49e0>]}
[0m20:55:09.218541 [debug] [MainThread]: Flushing usage events
[0m20:55:09.746129 [debug] [MainThread]: An error was encountered while trying to flush usage events
[0m17:53:31.438314 [debug] [MainThread]: Sending event: {'category': 'dbt', 'action': 'invocation', 'label': 'start', 'context': [<snowplow_tracker.self_describing_json.SelfDescribingJson object at 0x1032ca6c0>, <snowplow_tracker.self_describing_json.SelfDescribingJson object at 0x107c1cad0>, <snowplow_tracker.self_describing_json.SelfDescribingJson object at 0x107c1c860>]}


============================== 17:53:31.441967 | 8fd18aeb-cbfe-49b1-853a-d1fd28bb1704 ==============================
[0m17:53:31.441967 [info ] [MainThread]: Running with dbt=1.9.4
[0m17:53:31.442345 [debug] [MainThread]: running dbt with arguments {'printer_width': '80', 'indirect_selection': 'eager', 'log_cache_events': 'False', 'write_json': 'True', 'partial_parse': 'True', 'cache_selected_only': 'False', 'warn_error': 'None', 'fail_fast': 'False', 'debug': 'False', 'log_path': 'logs', 'version_check': 'True', 'profiles_dir': '/Users/admin/.dbt', 'use_colors': 'True', 'use_experimental_parser': 'False', 'no_print': 'None', 'quiet': 'False', 'empty': 'None', 'log_format': 'default', 'static_parser': 'True', 'invocation_command': 'dbt init', 'warn_error_options': 'WarnErrorOptions(include=[], exclude=[])', 'target_path': 'None', 'introspect': 'True', 'send_anonymous_usage_stats': 'True'}
[0m17:53:48.073511 [debug] [MainThread]: Starter project path: /Users/admin/Desktop/pets/python-dbt/.venv/lib/python3.12/site-packages/dbt/include/starter_project
[0m17:53:48.078501 [info ] [MainThread]: 
Your new dbt project "duckdb_dbt" was created!

For more information on how to configure the profiles.yml file,
please consult the dbt documentation here:

  https://docs.getdbt.com/docs/configure-your-profile

One more thing:

Need help? Don't hesitate to reach out to us via GitHub issues or on Slack:

  https://community.getdbt.com/

Happy modeling!

[0m17:53:48.078807 [info ] [MainThread]: Setting up your profile.
[0m17:53:54.778393 [debug] [MainThread]: Resource report: {"command_name": "init", "command_success": true, "command_wall_clock_time": 23.380384, "process_in_blocks": "0", "process_kernel_time": 0.163178, "process_mem_max_rss": "106676224", "process_out_blocks": "0", "process_user_time": 0.804644}
[0m17:53:54.778875 [debug] [MainThread]: Command `dbt init` succeeded at 17:53:54.778812 after 23.38 seconds
[0m17:53:54.779070 [debug] [MainThread]: Sending event: {'category': 'dbt', 'action': 'invocation', 'label': 'end', 'context': [<snowplow_tracker.self_describing_json.SelfDescribingJson object at 0x107c1ca10>, <snowplow_tracker.self_describing_json.SelfDescribingJson object at 0x107c1c260>, <snowplow_tracker.self_describing_json.SelfDescribingJson object at 0x107cd7d40>]}
[0m17:53:54.779273 [debug] [MainThread]: Flushing usage events
[0m17:53:55.246757 [debug] [MainThread]: An error was encountered while trying to flush usage events
